********************************************************************************
* Unified simulation Tcl App stack trace dump
*
* File: .usf.tcl_error.log (Sun Jan 14 13:29:20 2024)
*
* This file is generated by the unified simulation automation and contains the
* tcl stack trace of error returned by the simulator App for the current run.
*
********************************************************************************
0
    while executing
"file exists $dat_file"
    ("foreach" body line 3)
    invoked from within
"foreach lib_dir [glob -nocomplain -directory $clibs_dir *] {
    set dat_file "$lib_dir/.cxl.lib_info.dat"
    if { ![file exists $dat_file] } { conti..."
    (procedure "xcs_fetch_lib_info" line 13)
    invoked from within
"xcs_fetch_lib_info "xsim" $ip_dir $a_sim_vars(b_int_sm_lib_ref_debug)"
    (procedure "usf_xsim_setup_simulation" line 146)
    invoked from within
"usf_xsim_setup_simulation"
    (procedure "tclapp::xilinx::xsim::setup" line 24)
    invoked from within
"tclapp::xilinx::xsim::setup { -simset sim_1 -mode post-synthesis -type functional -run_dir D:/CodesPractice/learning/DL/FPGA-project-STG/stg_project/s..."
